This file contains any messages produced by compilers while
running configure, to aid debugging if configure makes a mistake.

It was created by PAPI configure 7.2.0.0b1, which was
generated by GNU Autoconf 2.69.  Invocation command line was

  $ ./configure 

## --------- ##
## Platform. ##
## --------- ##

hostname = ubuntu
uname -m = x86_64
uname -r = 5.15.0-122-generic
uname -s = Linux
uname -v = #132~20.04.1-Ubuntu SMP Fri Aug 30 15:50:07 UTC 2024

/usr/bin/uname -p = x86_64
/bin/uname -X     = unknown

/bin/arch              = x86_64
/usr/bin/arch -k       = unknown
/usr/convex/getsysinfo = unknown
/usr/bin/hostinfo      = unknown
/bin/machine           = unknown
/usr/bin/oslevel       = unknown
/bin/universe          = unknown

PATH: /opt/ros/noetic/bin
PATH: /home/collapsor/.local/bin
PATH: /usr/local/sbin
PATH: /usr/local/bin
PATH: /usr/sbin
PATH: /usr/bin
PATH: /sbin
PATH: /bin
PATH: /usr/games
PATH: /usr/local/games
PATH: /snap/bin


## ----------- ##
## Core tests. ##
## ----------- ##

configure:2453: checking for architecture
configure:2463: result: x86_64
configure:2473: checking for OS
configure:2486: result: linux
configure:2489: checking for OS version
configure:2501: result: 5.15.0-122-generic
configure:2506: checking for perf_event workaround level
configure:2517: result: autodetect
configure:2520: checking for if MIC should be used
configure:2537: result: no
configure:2541: checking for if NEC should be used
configure:2558: result: no
configure:2622: checking for xlc
configure:2652: result: no
configure:2622: checking for icc
configure:2652: result: no
configure:2622: checking for gcc
configure:2638: found /usr/bin/gcc
configure:2649: result: gcc
configure:2680: checking for C compiler version
configure:2689: gcc --version >&5
gcc (Ubuntu 9.4.0-1ubuntu1~20.04.2) 9.4.0
Copyright (C) 2019 Free Software Foundation, Inc.
This is free software; see the source for copying conditions.  There is NO
warranty; not even for MERCHANTABILITY or FITNESS FOR A PARTICULAR PURPOSE.

configure:2700: $? = 0
configure:2689: gcc -v >&5
Using built-in specs.
COLLECT_GCC=gcc
COLLECT_LTO_WRAPPER=/usr/lib/gcc/x86_64-linux-gnu/9/lto-wrapper
OFFLOAD_TARGET_NAMES=nvptx-none:hsa
OFFLOAD_TARGET_DEFAULT=1
Target: x86_64-linux-gnu
Configured with: ../src/configure -v --with-pkgversion='Ubuntu 9.4.0-1ubuntu1~20.04.2' --with-bugurl=file:///usr/share/doc/gcc-9/README.Bugs --enable-languages=c,ada,c++,go,brig,d,fortran,objc,obj-c++,gm2 --prefix=/usr --with-gcc-major-version-only --program-suffix=-9 --program-prefix=x86_64-linux-gnu- --enable-shared --enable-linker-build-id --libexecdir=/usr/lib --without-included-gettext --enable-threads=posix --libdir=/usr/lib --enable-nls --enable-clocale=gnu --enable-libstdcxx-debug --enable-libstdcxx-time=yes --with-default-libstdcxx-abi=new --enable-gnu-unique-object --disable-vtable-verify --enable-plugin --enable-default-pie --with-system-zlib --with-target-system-zlib=auto --enable-objc-gc=auto --enable-multiarch --disable-werror --with-arch-32=i686 --with-abi=m64 --with-multilib-list=m32,m64,mx32 --enable-multilib --with-tune=generic --enable-offload-targets=nvptx-none=/build/gcc-9-9QDOt0/gcc-9-9.4.0/debian/tmp-nvptx/usr,hsa --without-cuda-driver --enable-checking=release --build=x86_64-linux-gnu --host=x86_64-linux-gnu --target=x86_64-linux-gnu
Thread model: posix
gcc version 9.4.0 (Ubuntu 9.4.0-1ubuntu1~20.04.2) 
configure:2700: $? = 0
configure:2689: gcc -V >&5
gcc: error: unrecognized command line option '-V'
gcc: fatal error: no input files
compilation terminated.
configure:2700: $? = 1
configure:2689: gcc -qversion >&5
gcc: error: unrecognized command line option '-qversion'; did you mean '--version'?
gcc: fatal error: no input files
compilation terminated.
configure:2700: $? = 1
configure:2720: checking whether the C compiler works
configure:2742: gcc    conftest.c  >&5
configure:2746: $? = 0
configure:2794: result: yes
configure:2797: checking for C compiler default output file name
configure:2799: result: a.out
configure:2805: checking for suffix of executables
configure:2812: gcc -o conftest    conftest.c  >&5
configure:2816: $? = 0
configure:2838: result: 
configure:2860: checking whether we are cross compiling
configure:2868: gcc -o conftest    conftest.c  >&5
configure:2872: $? = 0
configure:2879: ./conftest
configure:2883: $? = 0
configure:2871: result: no
configure:2876: checking for suffix of object files
configure:2898: gcc -c   conftest.c >&5
configure:2902: $? = 0
configure:2923: result: o
configure:2927: checking whether we are using the GNU C compiler
configure:2946: gcc -c   conftest.c >&5
configure:2946: $? = 0
configure:2955: result: yes
configure:2964: checking whether gcc accepts -g
configure:2984: gcc -c -g  conftest.c >&5
configure:2984: $? = 0
configure:3025: result: yes
configure:3042: checking for gcc option to accept ISO C89
configure:3105: gcc  -c   conftest.c >&5
configure:3105: $? = 0
configure:3118: result: none needed
configure:3191: checking for xlf
configure:3221: result: no
configure:3191: checking for ifort
configure:3221: result: no
configure:3191: checking for gfortran
configure:3207: found /usr/bin/gfortran
configure:3218: result: gfortran
configure:3244: checking for Fortran 77 compiler version
configure:3253: gfortran --version >&5
GNU Fortran (Ubuntu 9.4.0-1ubuntu1~20.04.2) 9.4.0
Copyright (C) 2019 Free Software Foundation, Inc.
This is free software; see the source for copying conditions.  There is NO
warranty; not even for MERCHANTABILITY or FITNESS FOR A PARTICULAR PURPOSE.

configure:3264: $? = 0
configure:3253: gfortran -v >&5
Using built-in specs.
COLLECT_GCC=gfortran
COLLECT_LTO_WRAPPER=/usr/lib/gcc/x86_64-linux-gnu/9/lto-wrapper
OFFLOAD_TARGET_NAMES=nvptx-none:hsa
OFFLOAD_TARGET_DEFAULT=1
Target: x86_64-linux-gnu
Configured with: ../src/configure -v --with-pkgversion='Ubuntu 9.4.0-1ubuntu1~20.04.2' --with-bugurl=file:///usr/share/doc/gcc-9/README.Bugs --enable-languages=c,ada,c++,go,brig,d,fortran,objc,obj-c++,gm2 --prefix=/usr --with-gcc-major-version-only --program-suffix=-9 --program-prefix=x86_64-linux-gnu- --enable-shared --enable-linker-build-id --libexecdir=/usr/lib --without-included-gettext --enable-threads=posix --libdir=/usr/lib --enable-nls --enable-clocale=gnu --enable-libstdcxx-debug --enable-libstdcxx-time=yes --with-default-libstdcxx-abi=new --enable-gnu-unique-object --disable-vtable-verify --enable-plugin --enable-default-pie --with-system-zlib --with-target-system-zlib=auto --enable-objc-gc=auto --enable-multiarch --disable-werror --with-arch-32=i686 --with-abi=m64 --with-multilib-list=m32,m64,mx32 --enable-multilib --with-tune=generic --enable-offload-targets=nvptx-none=/build/gcc-9-9QDOt0/gcc-9-9.4.0/debian/tmp-nvptx/usr,hsa --without-cuda-driver --enable-checking=release --build=x86_64-linux-gnu --host=x86_64-linux-gnu --target=x86_64-linux-gnu
Thread model: posix
gcc version 9.4.0 (Ubuntu 9.4.0-1ubuntu1~20.04.2) 
configure:3264: $? = 0
configure:3253: gfortran -V >&5
gfortran: error: unrecognized command line option '-V'
gfortran: fatal error: no input files
compilation terminated.
configure:3264: $? = 1
configure:3253: gfortran -qversion >&5
gfortran: error: unrecognized command line option '-qversion'; did you mean '--version'?
gfortran: fatal error: no input files
compilation terminated.
configure:3264: $? = 1
configure:3273: checking whether we are using the GNU Fortran 77 compiler
configure:3286: gfortran -c  conftest.F >&5
configure:3286: $? = 0
configure:3295: result: yes
configure:3301: checking whether gfortran accepts -g
configure:3312: gfortran -c -g conftest.f >&5
configure:3312: $? = 0
configure:3320: result: yes
configure:3354: checking for mpicc
configure:3370: found /usr/bin/mpicc
configure:3381: result: mpicc
configure:3487: checking for gawk
configure:3517: result: no
configure:3487: checking for mawk
configure:3503: found /usr/bin/mawk
configure:3514: result: mawk
configure:3530: checking how to run the C preprocessor
configure:3561: gcc -E  conftest.c
configure:3561: $? = 0
configure:3575: gcc -E  conftest.c
conftest.c:9:10: fatal error: ac_nonexistent.h: No such file or directory
    9 | #include <ac_nonexistent.h>
      |          ^~~~~~~~~~~~~~~~~~
compilation terminated.
configure:3575: $? = 1
configure: failed program was:
| /* confdefs.h */
| #define PACKAGE_NAME "PAPI"
| #define PACKAGE_TARNAME "papi"
| #define PACKAGE_VERSION "7.2.0.0b1"
| #define PACKAGE_STRING "PAPI 7.2.0.0b1"
| #define PACKAGE_BUGREPORT "ptools-perfapi@icl.utk.edu"
| #define PACKAGE_URL ""
| /* end confdefs.h.  */
| #include <ac_nonexistent.h>
configure:3600: result: gcc -E
configure:3620: gcc -E  conftest.c
configure:3620: $? = 0
configure:3634: gcc -E  conftest.c
conftest.c:9:10: fatal error: ac_nonexistent.h: No such file or directory
    9 | #include <ac_nonexistent.h>
      |          ^~~~~~~~~~~~~~~~~~
compilation terminated.
configure:3634: $? = 1
configure: failed program was:
| /* confdefs.h */
| #define PACKAGE_NAME "PAPI"
| #define PACKAGE_TARNAME "papi"
| #define PACKAGE_VERSION "7.2.0.0b1"
| #define PACKAGE_STRING "PAPI 7.2.0.0b1"
| #define PACKAGE_BUGREPORT "ptools-perfapi@icl.utk.edu"
| #define PACKAGE_URL ""
| /* end confdefs.h.  */
| #include <ac_nonexistent.h>
configure:3662: checking whether ln -s works
configure:3666: result: yes
configure:3673: checking whether make sets $(MAKE)
configure:3695: result: yes
configure:3747: checking for ranlib
configure:3763: found /usr/bin/ranlib
configure:3774: result: ranlib
configure:3798: checking for grep that handles long lines and -e
configure:3856: result: /usr/bin/grep
configure:3861: checking for egrep
configure:3923: result: /usr/bin/grep -E
configure:3928: checking for ANSI C header files
configure:3948: gcc -c   conftest.c >&5
configure:3948: $? = 0
configure:4021: gcc -o conftest    conftest.c  >&5
configure:4021: $? = 0
configure:4021: ./conftest
configure:4021: $? = 0
configure:4032: result: yes
configure:4045: checking for sys/types.h
configure:4045: gcc -c   conftest.c >&5
configure:4045: $? = 0
configure:4045: result: yes
configure:4045: checking for sys/stat.h
configure:4045: gcc -c   conftest.c >&5
configure:4045: $? = 0
configure:4045: result: yes
configure:4045: checking for stdlib.h
configure:4045: gcc -c   conftest.c >&5
configure:4045: $? = 0
configure:4045: result: yes
configure:4045: checking for string.h
configure:4045: gcc -c   conftest.c >&5
configure:4045: $? = 0
configure:4045: result: yes
configure:4045: checking for memory.h
configure:4045: gcc -c   conftest.c >&5
configure:4045: $? = 0
configure:4045: result: yes
configure:4045: checking for strings.h
configure:4045: gcc -c   conftest.c >&5
configure:4045: $? = 0
configure:4045: result: yes
configure:4045: checking for inttypes.h
configure:4045: gcc -c   conftest.c >&5
configure:4045: $? = 0
configure:4045: result: yes
configure:4045: checking for stdint.h
configure:4045: gcc -c   conftest.c >&5
configure:4045: $? = 0
configure:4045: result: yes
configure:4045: checking for unistd.h
configure:4045: gcc -c   conftest.c >&5
configure:4045: $? = 0
configure:4045: result: yes
configure:4058: checking minix/config.h usability
configure:4058: gcc -c   conftest.c >&5
conftest.c:52:10: fatal error: minix/config.h: No such file or directory
   52 | #include <minix/config.h>
      |          ^~~~~~~~~~~~~~~~
compilation terminated.
configure:4058: $? = 1
configure: failed program was:
| /* confdefs.h */
| #define PACKAGE_NAME "PAPI"
| #define PACKAGE_TARNAME "papi"
| #define PACKAGE_VERSION "7.2.0.0b1"
| #define PACKAGE_STRING "PAPI 7.2.0.0b1"
| #define PACKAGE_BUGREPORT "ptools-perfapi@icl.utk.edu"
| #define PACKAGE_URL ""
| #define STDC_HEADERS 1
| #define HAVE_SYS_TYPES_H 1
| #define HAVE_SYS_STAT_H 1
| #define HAVE_STDLIB_H 1
| #define HAVE_STRING_H 1
| #define HAVE_MEMORY_H 1
| #define HAVE_STRINGS_H 1
| #define HAVE_INTTYPES_H 1
| #define HAVE_STDINT_H 1
| #define HAVE_UNISTD_H 1
| /* end confdefs.h.  */
| #include <stdio.h>
| #ifdef HAVE_SYS_TYPES_H
| # include <sys/types.h>
| #endif
| #ifdef HAVE_SYS_STAT_H
| # include <sys/stat.h>
| #endif
| #ifdef STDC_HEADERS
| # include <stdlib.h>
| # include <stddef.h>
| #else
| # ifdef HAVE_STDLIB_H
| #  include <stdlib.h>
| # endif
| #endif
| #ifdef HAVE_STRING_H
| # if !defined STDC_HEADERS && defined HAVE_MEMORY_H
| #  include <memory.h>
| # endif
| # include <string.h>
| #endif
| #ifdef HAVE_STRINGS_H
| # include <strings.h>
| #endif
| #ifdef HAVE_INTTYPES_H
| # include <inttypes.h>
| #endif
| #ifdef HAVE_STDINT_H
| # include <stdint.h>
| #endif
| #ifdef HAVE_UNISTD_H
| # include <unistd.h>
| #endif
| #include <minix/config.h>
configure:4058: result: no
configure:4058: checking minix/config.h presence
configure:4058: gcc -E  conftest.c
conftest.c:19:10: fatal error: minix/config.h: No such file or directory
   19 | #include <minix/config.h>
      |          ^~~~~~~~~~~~~~~~
compilation terminated.
configure:4058: $? = 1
configure: failed program was:
| /* confdefs.h */
| #define PACKAGE_NAME "PAPI"
| #define PACKAGE_TARNAME "papi"
| #define PACKAGE_VERSION "7.2.0.0b1"
| #define PACKAGE_STRING "PAPI 7.2.0.0b1"
| #define PACKAGE_BUGREPORT "ptools-perfapi@icl.utk.edu"
| #define PACKAGE_URL ""
| #define STDC_HEADERS 1
| #define HAVE_SYS_TYPES_H 1
| #define HAVE_SYS_STAT_H 1
| #define HAVE_STDLIB_H 1
| #define HAVE_STRING_H 1
| #define HAVE_MEMORY_H 1
| #define HAVE_STRINGS_H 1
| #define HAVE_INTTYPES_H 1
| #define HAVE_STDINT_H 1
| #define HAVE_UNISTD_H 1
| /* end confdefs.h.  */
| #include <minix/config.h>
configure:4058: result: no
configure:4058: checking for minix/config.h
configure:4058: result: no
configure:4079: checking whether it is safe to define __EXTENSIONS__
configure:4097: gcc -c   conftest.c >&5
configure:4097: $? = 0
configure:4104: result: yes
configure:4119: checking for ANSI C header files
configure:4223: result: yes
configure:4231: checking for inline
configure:4247: gcc -c   conftest.c >&5
configure:4247: $? = 0
configure:4255: result: inline
configure:4273: checking whether time.h and sys/time.h may both be included
configure:4293: gcc -c   conftest.c >&5
configure:4293: $? = 0
configure:4300: result: yes
configure:4311: checking sys/time.h usability
configure:4311: gcc -c   conftest.c >&5
configure:4311: $? = 0
configure:4311: result: yes
configure:4311: checking sys/time.h presence
configure:4311: gcc -E  conftest.c
configure:4311: $? = 0
configure:4311: result: yes
configure:4311: checking for sys/time.h
configure:4311: result: yes
configure:4311: checking c_asm.h usability
configure:4311: gcc -c   conftest.c >&5
conftest.c:60:10: fatal error: c_asm.h: No such file or directory
   60 | #include <c_asm.h>
      |          ^~~~~~~~~
compilation terminated.
configure:4311: $? = 1
configure: failed program was:
| /* confdefs.h */
| #define PACKAGE_NAME "PAPI"
| #define PACKAGE_TARNAME "papi"
| #define PACKAGE_VERSION "7.2.0.0b1"
| #define PACKAGE_STRING "PAPI 7.2.0.0b1"
| #define PACKAGE_BUGREPORT "ptools-perfapi@icl.utk.edu"
| #define PACKAGE_URL ""
| #define STDC_HEADERS 1
| #define HAVE_SYS_TYPES_H 1
| #define HAVE_SYS_STAT_H 1
| #define HAVE_STDLIB_H 1
| #define HAVE_STRING_H 1
| #define HAVE_MEMORY_H 1
| #define HAVE_STRINGS_H 1
| #define HAVE_INTTYPES_H 1
| #define HAVE_STDINT_H 1
| #define HAVE_UNISTD_H 1
| #define __EXTENSIONS__ 1
| #define _ALL_SOURCE 1
| #define _GNU_SOURCE 1
| #define _POSIX_PTHREAD_SEMANTICS 1
| #define _TANDEM_SOURCE 1
| #define STDC_HEADERS 1
| #define TIME_WITH_SYS_TIME 1
| #define HAVE_SYS_TIME_H 1
| /* end confdefs.h.  */
| #include <stdio.h>
| #ifdef HAVE_SYS_TYPES_H
| # include <sys/types.h>
| #endif
| #ifdef HAVE_SYS_STAT_H
| # include <sys/stat.h>
| #endif
| #ifdef STDC_HEADERS
| # include <stdlib.h>
| # include <stddef.h>
| #else
| # ifdef HAVE_STDLIB_H
| #  include <stdlib.h>
| # endif
| #endif
| #ifdef HAVE_STRING_H
| # if !defined STDC_HEADERS && defined HAVE_MEMORY_H
| #  include <memory.h>
| # endif
| # include <string.h>
| #endif
| #ifdef HAVE_STRINGS_H
| # include <strings.h>
| #endif
| #ifdef HAVE_INTTYPES_H
| # include <inttypes.h>
| #endif
| #ifdef HAVE_STDINT_H
| # include <stdint.h>
| #endif
| #ifdef HAVE_UNISTD_H
| # include <unistd.h>
| #endif
| #include <c_asm.h>
configure:4311: result: no
configure:4311: checking c_asm.h presence
configure:4311: gcc -E  conftest.c
conftest.c:27:10: fatal error: c_asm.h: No such file or directory
   27 | #include <c_asm.h>
      |          ^~~~~~~~~
compilation terminated.
configure:4311: $? = 1
configure: failed program was:
| /* confdefs.h */
| #define PACKAGE_NAME "PAPI"
| #define PACKAGE_TARNAME "papi"
| #define PACKAGE_VERSION "7.2.0.0b1"
| #define PACKAGE_STRING "PAPI 7.2.0.0b1"
| #define PACKAGE_BUGREPORT "ptools-perfapi@icl.utk.edu"
| #define PACKAGE_URL ""
| #define STDC_HEADERS 1
| #define HAVE_SYS_TYPES_H 1
| #define HAVE_SYS_STAT_H 1
| #define HAVE_STDLIB_H 1
| #define HAVE_STRING_H 1
| #define HAVE_MEMORY_H 1
| #define HAVE_STRINGS_H 1
| #define HAVE_INTTYPES_H 1
| #define HAVE_STDINT_H 1
| #define HAVE_UNISTD_H 1
| #define __EXTENSIONS__ 1
| #define _ALL_SOURCE 1
| #define _GNU_SOURCE 1
| #define _POSIX_PTHREAD_SEMANTICS 1
| #define _TANDEM_SOURCE 1
| #define STDC_HEADERS 1
| #define TIME_WITH_SYS_TIME 1
| #define HAVE_SYS_TIME_H 1
| /* end confdefs.h.  */
| #include <c_asm.h>
configure:4311: result: no
configure:4311: checking for c_asm.h
configure:4311: result: no
configure:4311: checking intrinsics.h usability
configure:4311: gcc -c   conftest.c >&5
conftest.c:60:10: fatal error: intrinsics.h: No such file or directory
   60 | #include <intrinsics.h>
      |          ^~~~~~~~~~~~~~
compilation terminated.
configure:4311: $? = 1
configure: failed program was:
| /* confdefs.h */
| #define PACKAGE_NAME "PAPI"
| #define PACKAGE_TARNAME "papi"
| #define PACKAGE_VERSION "7.2.0.0b1"
| #define PACKAGE_STRING "PAPI 7.2.0.0b1"
| #define PACKAGE_BUGREPORT "ptools-perfapi@icl.utk.edu"
| #define PACKAGE_URL ""
| #define STDC_HEADERS 1
| #define HAVE_SYS_TYPES_H 1
| #define HAVE_SYS_STAT_H 1
| #define HAVE_STDLIB_H 1
| #define HAVE_STRING_H 1
| #define HAVE_MEMORY_H 1
| #define HAVE_STRINGS_H 1
| #define HAVE_INTTYPES_H 1
| #define HAVE_STDINT_H 1
| #define HAVE_UNISTD_H 1
| #define __EXTENSIONS__ 1
| #define _ALL_SOURCE 1
| #define _GNU_SOURCE 1
| #define _POSIX_PTHREAD_SEMANTICS 1
| #define _TANDEM_SOURCE 1
| #define STDC_HEADERS 1
| #define TIME_WITH_SYS_TIME 1
| #define HAVE_SYS_TIME_H 1
| /* end confdefs.h.  */
| #include <stdio.h>
| #ifdef HAVE_SYS_TYPES_H
| # include <sys/types.h>
| #endif
| #ifdef HAVE_SYS_STAT_H
| # include <sys/stat.h>
| #endif
| #ifdef STDC_HEADERS
| # include <stdlib.h>
| # include <stddef.h>
| #else
| # ifdef HAVE_STDLIB_H
| #  include <stdlib.h>
| # endif
| #endif
| #ifdef HAVE_STRING_H
| # if !defined STDC_HEADERS && defined HAVE_MEMORY_H
| #  include <memory.h>
| # endif
| # include <string.h>
| #endif
| #ifdef HAVE_STRINGS_H
| # include <strings.h>
| #endif
| #ifdef HAVE_INTTYPES_H
| # include <inttypes.h>
| #endif
| #ifdef HAVE_STDINT_H
| # include <stdint.h>
| #endif
| #ifdef HAVE_UNISTD_H
| # include <unistd.h>
| #endif
| #include <intrinsics.h>
configure:4311: result: no
configure:4311: checking intrinsics.h presence
configure:4311: gcc -E  conftest.c
conftest.c:27:10: fatal error: intrinsics.h: No such file or directory
   27 | #include <intrinsics.h>
      |          ^~~~~~~~~~~~~~
compilation terminated.
configure:4311: $? = 1
configure: failed program was:
| /* confdefs.h */
| #define PACKAGE_NAME "PAPI"
| #define PACKAGE_TARNAME "papi"
| #define PACKAGE_VERSION "7.2.0.0b1"
| #define PACKAGE_STRING "PAPI 7.2.0.0b1"
| #define PACKAGE_BUGREPORT "ptools-perfapi@icl.utk.edu"
| #define PACKAGE_URL ""
| #define STDC_HEADERS 1
| #define HAVE_SYS_TYPES_H 1
| #define HAVE_SYS_STAT_H 1
| #define HAVE_STDLIB_H 1
| #define HAVE_STRING_H 1
| #define HAVE_MEMORY_H 1
| #define HAVE_STRINGS_H 1
| #define HAVE_INTTYPES_H 1
| #define HAVE_STDINT_H 1
| #define HAVE_UNISTD_H 1
| #define __EXTENSIONS__ 1
| #define _ALL_SOURCE 1
| #define _GNU_SOURCE 1
| #define _POSIX_PTHREAD_SEMANTICS 1
| #define _TANDEM_SOURCE 1
| #define STDC_HEADERS 1
| #define TIME_WITH_SYS_TIME 1
| #define HAVE_SYS_TIME_H 1
| /* end confdefs.h.  */
| #include <intrinsics.h>
configure:4311: result: no
configure:4311: checking for intrinsics.h
configure:4311: result: no
configure:4311: checking mach/mach_time.h usability
configure:4311: gcc -c   conftest.c >&5
conftest.c:60:10: fatal error: mach/mach_time.h: No such file or directory
   60 | #include <mach/mach_time.h>
      |          ^~~~~~~~~~~~~~~~~~
compilation terminated.
configure:4311: $? = 1
configure: failed program was:
| /* confdefs.h */
| #define PACKAGE_NAME "PAPI"
| #define PACKAGE_TARNAME "papi"
| #define PACKAGE_VERSION "7.2.0.0b1"
| #define PACKAGE_STRING "PAPI 7.2.0.0b1"
| #define PACKAGE_BUGREPORT "ptools-perfapi@icl.utk.edu"
| #define PACKAGE_URL ""
| #define STDC_HEADERS 1
| #define HAVE_SYS_TYPES_H 1
| #define HAVE_SYS_STAT_H 1
| #define HAVE_STDLIB_H 1
| #define HAVE_STRING_H 1
| #define HAVE_MEMORY_H 1
| #define HAVE_STRINGS_H 1
| #define HAVE_INTTYPES_H 1
| #define HAVE_STDINT_H 1
| #define HAVE_UNISTD_H 1
| #define __EXTENSIONS__ 1
| #define _ALL_SOURCE 1
| #define _GNU_SOURCE 1
| #define _POSIX_PTHREAD_SEMANTICS 1
| #define _TANDEM_SOURCE 1
| #define STDC_HEADERS 1
| #define TIME_WITH_SYS_TIME 1
| #define HAVE_SYS_TIME_H 1
| /* end confdefs.h.  */
| #include <stdio.h>
| #ifdef HAVE_SYS_TYPES_H
| # include <sys/types.h>
| #endif
| #ifdef HAVE_SYS_STAT_H
| # include <sys/stat.h>
| #endif
| #ifdef STDC_HEADERS
| # include <stdlib.h>
| # include <stddef.h>
| #else
| # ifdef HAVE_STDLIB_H
| #  include <stdlib.h>
| # endif
| #endif
| #ifdef HAVE_STRING_H
| # if !defined STDC_HEADERS && defined HAVE_MEMORY_H
| #  include <memory.h>
| # endif
| # include <string.h>
| #endif
| #ifdef HAVE_STRINGS_H
| # include <strings.h>
| #endif
| #ifdef HAVE_INTTYPES_H
| # include <inttypes.h>
| #endif
| #ifdef HAVE_STDINT_H
| # include <stdint.h>
| #endif
| #ifdef HAVE_UNISTD_H
| # include <unistd.h>
| #endif
| #include <mach/mach_time.h>
configure:4311: result: no
configure:4311: checking mach/mach_time.h presence
configure:4311: gcc -E  conftest.c
conftest.c:27:10: fatal error: mach/mach_time.h: No such file or directory
   27 | #include <mach/mach_time.h>
      |          ^~~~~~~~~~~~~~~~~~
compilation terminated.
configure:4311: $? = 1
configure: failed program was:
| /* confdefs.h */
| #define PACKAGE_NAME "PAPI"
| #define PACKAGE_TARNAME "papi"
| #define PACKAGE_VERSION "7.2.0.0b1"
| #define PACKAGE_STRING "PAPI 7.2.0.0b1"
| #define PACKAGE_BUGREPORT "ptools-perfapi@icl.utk.edu"
| #define PACKAGE_URL ""
| #define STDC_HEADERS 1
| #define HAVE_SYS_TYPES_H 1
| #define HAVE_SYS_STAT_H 1
| #define HAVE_STDLIB_H 1
| #define HAVE_STRING_H 1
| #define HAVE_MEMORY_H 1
| #define HAVE_STRINGS_H 1
| #define HAVE_INTTYPES_H 1
| #define HAVE_STDINT_H 1
| #define HAVE_UNISTD_H 1
| #define __EXTENSIONS__ 1
| #define _ALL_SOURCE 1
| #define _GNU_SOURCE 1
| #define _POSIX_PTHREAD_SEMANTICS 1
| #define _TANDEM_SOURCE 1
| #define STDC_HEADERS 1
| #define TIME_WITH_SYS_TIME 1
| #define HAVE_SYS_TIME_H 1
| /* end confdefs.h.  */
| #include <mach/mach_time.h>
configure:4311: result: no
configure:4311: checking for mach/mach_time.h
configure:4311: result: no
configure:4311: checking sched.h usability
configure:4311: gcc -c   conftest.c >&5
configure:4311: $? = 0
configure:4311: result: yes
configure:4311: checking sched.h presence
configure:4311: gcc -E  conftest.c
configure:4311: $? = 0
configure:4311: result: yes
configure:4311: checking for sched.h
configure:4311: result: yes
configure:4324: checking for gethrtime
configure:4324: gcc -o conftest    conftest.c  >&5
/usr/bin/ld: /tmp/cc1zlYKx.o: in function `main':
conftest.c:(.text+0xe): undefined reference to `gethrtime'
collect2: error: ld returned 1 exit status
configure:4324: $? = 1
configure: failed program was:
| /* confdefs.h */
| #define PACKAGE_NAME "PAPI"
| #define PACKAGE_TARNAME "papi"
| #define PACKAGE_VERSION "7.2.0.0b1"
| #define PACKAGE_STRING "PAPI 7.2.0.0b1"
| #define PACKAGE_BUGREPORT "ptools-perfapi@icl.utk.edu"
| #define PACKAGE_URL ""
| #define STDC_HEADERS 1
| #define HAVE_SYS_TYPES_H 1
| #define HAVE_SYS_STAT_H 1
| #define HAVE_STDLIB_H 1
| #define HAVE_STRING_H 1
| #define HAVE_MEMORY_H 1
| #define HAVE_STRINGS_H 1
| #define HAVE_INTTYPES_H 1
| #define HAVE_STDINT_H 1
| #define HAVE_UNISTD_H 1
| #define __EXTENSIONS__ 1
| #define _ALL_SOURCE 1
| #define _GNU_SOURCE 1
| #define _POSIX_PTHREAD_SEMANTICS 1
| #define _TANDEM_SOURCE 1
| #define STDC_HEADERS 1
| #define TIME_WITH_SYS_TIME 1
| #define HAVE_SYS_TIME_H 1
| #define HAVE_SCHED_H 1
| /* end confdefs.h.  */
| /* Define gethrtime to an innocuous variant, in case <limits.h> declares gethrtime.
|    For example, HP-UX 11i <limits.h> declares gettimeofday.  */
| #define gethrtime innocuous_gethrtime
| 
| /* System header to define __stub macros and hopefully few prototypes,
|     which can conflict with char gethrtime (); below.
|     Prefer <limits.h> to <assert.h> if __STDC__ is defined, since
|     <limits.h> exists even on freestanding compilers.  */
| 
| #ifdef __STDC__
| # include <limits.h>
| #else
| # include <assert.h>
| #endif
| 
| #undef gethrtime
| 
| /* Override any GCC internal prototype to avoid an error.
|    Use char because int might match the return type of a GCC
|    builtin and then its argument prototype would still apply.  */
| #ifdef __cplusplus
| extern "C"
| #endif
| char gethrtime ();
| /* The GNU C library defines this for functions which it implements
|     to always fail with ENOSYS.  Some functions are actually named
|     something starting with __ and the normal name is an alias.  */
| #if defined __stub_gethrtime || defined __stub___gethrtime
| choke me
| #endif
| 
| int
| main ()
| {
| return gethrtime ();
|   ;
|   return 0;
| }
configure:4324: result: no
configure:4324: checking for read_real_time
configure:4324: gcc -o conftest    conftest.c  >&5
/usr/bin/ld: /tmp/ccMZ1a3P.o: in function `main':
conftest.c:(.text+0xe): undefined reference to `read_real_time'
collect2: error: ld returned 1 exit status
configure:4324: $? = 1
configure: failed program was:
| /* confdefs.h */
| #define PACKAGE_NAME "PAPI"
| #define PACKAGE_TARNAME "papi"
| #define PACKAGE_VERSION "7.2.0.0b1"
| #define PACKAGE_STRING "PAPI 7.2.0.0b1"
| #define PACKAGE_BUGREPORT "ptools-perfapi@icl.utk.edu"
| #define PACKAGE_URL ""
| #define STDC_HEADERS 1
| #define HAVE_SYS_TYPES_H 1
| #define HAVE_SYS_STAT_H 1
| #define HAVE_STDLIB_H 1
| #define HAVE_STRING_H 1
| #define HAVE_MEMORY_H 1
| #define HAVE_STRINGS_H 1
| #define HAVE_INTTYPES_H 1
| #define HAVE_STDINT_H 1
| #define HAVE_UNISTD_H 1
| #define __EXTENSIONS__ 1
| #define _ALL_SOURCE 1
| #define _GNU_SOURCE 1
| #define _POSIX_PTHREAD_SEMANTICS 1
| #define _TANDEM_SOURCE 1
| #define STDC_HEADERS 1
| #define TIME_WITH_SYS_TIME 1
| #define HAVE_SYS_TIME_H 1
| #define HAVE_SCHED_H 1
| /* end confdefs.h.  */
| /* Define read_real_time to an innocuous variant, in case <limits.h> declares read_real_time.
|    For example, HP-UX 11i <limits.h> declares gettimeofday.  */
| #define read_real_time innocuous_read_real_time
| 
| /* System header to define __stub macros and hopefully few prototypes,
|     which can conflict with char read_real_time (); below.
|     Prefer <limits.h> to <assert.h> if __STDC__ is defined, since
|     <limits.h> exists even on freestanding compilers.  */
| 
| #ifdef __STDC__
| # include <limits.h>
| #else
| # include <assert.h>
| #endif
| 
| #undef read_real_time
| 
| /* Override any GCC internal prototype to avoid an error.
|    Use char because int might match the return type of a GCC
|    builtin and then its argument prototype would still apply.  */
| #ifdef __cplusplus
| extern "C"
| #endif
| char read_real_time ();
| /* The GNU C library defines this for functions which it implements
|     to always fail with ENOSYS.  Some functions are actually named
|     something starting with __ and the normal name is an alias.  */
| #if defined __stub_read_real_time || defined __stub___read_real_time
| choke me
| #endif
| 
| int
| main ()
| {
| return read_real_time ();
|   ;
|   return 0;
| }
configure:4324: result: no
configure:4324: checking for time_base_to_time
configure:4324: gcc -o conftest    conftest.c  >&5
/usr/bin/ld: /tmp/ccBL34fg.o: in function `main':
conftest.c:(.text+0xe): undefined reference to `time_base_to_time'
collect2: error: ld returned 1 exit status
configure:4324: $? = 1
configure: failed program was:
| /* confdefs.h */
| #define PACKAGE_NAME "PAPI"
| #define PACKAGE_TARNAME "papi"
| #define PACKAGE_VERSION "7.2.0.0b1"
| #define PACKAGE_STRING "PAPI 7.2.0.0b1"
| #define PACKAGE_BUGREPORT "ptools-perfapi@icl.utk.edu"
| #define PACKAGE_URL ""
| #define STDC_HEADERS 1
| #define HAVE_SYS_TYPES_H 1
| #define HAVE_SYS_STAT_H 1
| #define HAVE_STDLIB_H 1
| #define HAVE_STRING_H 1
| #define HAVE_MEMORY_H 1
| #define HAVE_STRINGS_H 1
| #define HAVE_INTTYPES_H 1
| #define HAVE_STDINT_H 1
| #define HAVE_UNISTD_H 1
| #define __EXTENSIONS__ 1
| #define _ALL_SOURCE 1
| #define _GNU_SOURCE 1
| #define _POSIX_PTHREAD_SEMANTICS 1
| #define _TANDEM_SOURCE 1
| #define STDC_HEADERS 1
| #define TIME_WITH_SYS_TIME 1
| #define HAVE_SYS_TIME_H 1
| #define HAVE_SCHED_H 1
| /* end confdefs.h.  */
| /* Define time_base_to_time to an innocuous variant, in case <limits.h> declares time_base_to_time.
|    For example, HP-UX 11i <limits.h> declares gettimeofday.  */
| #define time_base_to_time innocuous_time_base_to_time
| 
| /* System header to define __stub macros and hopefully few prototypes,
|     which can conflict with char time_base_to_time (); below.
|     Prefer <limits.h> to <assert.h> if __STDC__ is defined, since
|     <limits.h> exists even on freestanding compilers.  */
| 
| #ifdef __STDC__
| # include <limits.h>
| #else
| # include <assert.h>
| #endif
| 
| #undef time_base_to_time
| 
| /* Override any GCC internal prototype to avoid an error.
|    Use char because int might match the return type of a GCC
|    builtin and then its argument prototype would still apply.  */
| #ifdef __cplusplus
| extern "C"
| #endif
| char time_base_to_time ();
| /* The GNU C library defines this for functions which it implements
|     to always fail with ENOSYS.  Some functions are actually named
|     something starting with __ and the normal name is an alias.  */
| #if defined __stub_time_base_to_time || defined __stub___time_base_to_time
| choke me
| #endif
| 
| int
| main ()
| {
| return time_base_to_time ();
|   ;
|   return 0;
| }
configure:4324: result: no
configure:4324: checking for clock_gettime
configure:4324: gcc -o conftest    conftest.c  >&5
configure:4324: $? = 0
configure:4324: result: yes
configure:4324: checking for mach_absolute_time
configure:4324: gcc -o conftest    conftest.c  >&5
/usr/bin/ld: /tmp/ccyIRjk2.o: in function `main':
conftest.c:(.text+0xe): undefined reference to `mach_absolute_time'
collect2: error: ld returned 1 exit status
configure:4324: $? = 1
configure: failed program was:
| /* confdefs.h */
| #define PACKAGE_NAME "PAPI"
| #define PACKAGE_TARNAME "papi"
| #define PACKAGE_VERSION "7.2.0.0b1"
| #define PACKAGE_STRING "PAPI 7.2.0.0b1"
| #define PACKAGE_BUGREPORT "ptools-perfapi@icl.utk.edu"
| #define PACKAGE_URL ""
| #define STDC_HEADERS 1
| #define HAVE_SYS_TYPES_H 1
| #define HAVE_SYS_STAT_H 1
| #define HAVE_STDLIB_H 1
| #define HAVE_STRING_H 1
| #define HAVE_MEMORY_H 1
| #define HAVE_STRINGS_H 1
| #define HAVE_INTTYPES_H 1
| #define HAVE_STDINT_H 1
| #define HAVE_UNISTD_H 1
| #define __EXTENSIONS__ 1
| #define _ALL_SOURCE 1
| #define _GNU_SOURCE 1
| #define _POSIX_PTHREAD_SEMANTICS 1
| #define _TANDEM_SOURCE 1
| #define STDC_HEADERS 1
| #define TIME_WITH_SYS_TIME 1
| #define HAVE_SYS_TIME_H 1
| #define HAVE_SCHED_H 1
| #define HAVE_CLOCK_GETTIME 1
| /* end confdefs.h.  */
| /* Define mach_absolute_time to an innocuous variant, in case <limits.h> declares mach_absolute_time.
|    For example, HP-UX 11i <limits.h> declares gettimeofday.  */
| #define mach_absolute_time innocuous_mach_absolute_time
| 
| /* System header to define __stub macros and hopefully few prototypes,
|     which can conflict with char mach_absolute_time (); below.
|     Prefer <limits.h> to <assert.h> if __STDC__ is defined, since
|     <limits.h> exists even on freestanding compilers.  */
| 
| #ifdef __STDC__
| # include <limits.h>
| #else
| # include <assert.h>
| #endif
| 
| #undef mach_absolute_time
| 
| /* Override any GCC internal prototype to avoid an error.
|    Use char because int might match the return type of a GCC
|    builtin and then its argument prototype would still apply.  */
| #ifdef __cplusplus
| extern "C"
| #endif
| char mach_absolute_time ();
| /* The GNU C library defines this for functions which it implements
|     to always fail with ENOSYS.  Some functions are actually named
|     something starting with __ and the normal name is an alias.  */
| #if defined __stub_mach_absolute_time || defined __stub___mach_absolute_time
| choke me
| #endif
| 
| int
| main ()
| {
| return mach_absolute_time ();
|   ;
|   return 0;
| }
configure:4324: result: no
configure:4324: checking for sched_getcpu
configure:4324: gcc -o conftest    conftest.c  >&5
configure:4324: $? = 0
configure:4324: result: yes
configure:4339: checking for timer_create and timer_*ettime symbols in base system
configure:4353: gcc -o conftest    conftest.c  >&5
/usr/bin/ld: /tmp/cc7FxGRw.o: in function `main':
conftest.c:(.text+0x2d): undefined reference to `timer_create'
collect2: error: ld returned 1 exit status
configure:4353: $? = 1
configure: failed program was:
| /* confdefs.h */
| #define PACKAGE_NAME "PAPI"
| #define PACKAGE_TARNAME "papi"
| #define PACKAGE_VERSION "7.2.0.0b1"
| #define PACKAGE_STRING "PAPI 7.2.0.0b1"
| #define PACKAGE_BUGREPORT "ptools-perfapi@icl.utk.edu"
| #define PACKAGE_URL ""
| #define STDC_HEADERS 1
| #define HAVE_SYS_TYPES_H 1
| #define HAVE_SYS_STAT_H 1
| #define HAVE_STDLIB_H 1
| #define HAVE_STRING_H 1
| #define HAVE_MEMORY_H 1
| #define HAVE_STRINGS_H 1
| #define HAVE_INTTYPES_H 1
| #define HAVE_STDINT_H 1
| #define HAVE_UNISTD_H 1
| #define __EXTENSIONS__ 1
| #define _ALL_SOURCE 1
| #define _GNU_SOURCE 1
| #define _POSIX_PTHREAD_SEMANTICS 1
| #define _TANDEM_SOURCE 1
| #define STDC_HEADERS 1
| #define TIME_WITH_SYS_TIME 1
| #define HAVE_SYS_TIME_H 1
| #define HAVE_SCHED_H 1
| #define HAVE_CLOCK_GETTIME 1
| #define HAVE_SCHED_GETCPU 1
| /* end confdefs.h.  */
| #include <signal.h>
|              #include <time.h>
| int
| main ()
| {
| timer_t timerid; timer_create(CLOCK_REALTIME, NULL, &timerid);
|   ;
|   return 0;
| }
configure:4365: result: not found
configure:4367: checking for timer_create and timer_*ettime symbols in -lrt
configure:4383: gcc -o conftest    conftest.c  -lrt >&5
configure:4383: $? = 0
configure:4392: result: found
configure:4438: checking for dlopen and dlerror symbols in base system
configure:4451: gcc -o conftest    conftest.c  >&5
/usr/bin/ld: /tmp/ccaceaYj.o: in function `main':
conftest.c:(.text+0x19): undefined reference to `dlopen'
/usr/bin/ld: conftest.c:(.text+0x22): undefined reference to `dlerror'
collect2: error: ld returned 1 exit status
configure:4451: $? = 1
configure: failed program was:
| /* confdefs.h */
| #define PACKAGE_NAME "PAPI"
| #define PACKAGE_TARNAME "papi"
| #define PACKAGE_VERSION "7.2.0.0b1"
| #define PACKAGE_STRING "PAPI 7.2.0.0b1"
| #define PACKAGE_BUGREPORT "ptools-perfapi@icl.utk.edu"
| #define PACKAGE_URL ""
| #define STDC_HEADERS 1
| #define HAVE_SYS_TYPES_H 1
| #define HAVE_SYS_STAT_H 1
| #define HAVE_STDLIB_H 1
| #define HAVE_STRING_H 1
| #define HAVE_MEMORY_H 1
| #define HAVE_STRINGS_H 1
| #define HAVE_INTTYPES_H 1
| #define HAVE_STDINT_H 1
| #define HAVE_UNISTD_H 1
| #define __EXTENSIONS__ 1
| #define _ALL_SOURCE 1
| #define _GNU_SOURCE 1
| #define _POSIX_PTHREAD_SEMANTICS 1
| #define _TANDEM_SOURCE 1
| #define STDC_HEADERS 1
| #define TIME_WITH_SYS_TIME 1
| #define HAVE_SYS_TIME_H 1
| #define HAVE_SCHED_H 1
| #define HAVE_CLOCK_GETTIME 1
| #define HAVE_SCHED_GETCPU 1
| /* end confdefs.h.  */
| #include <dlfcn.h>
| int
| main ()
| {
| void *p = dlopen ("", 0); char *c = dlerror();
|   ;
|   return 0;
| }
configure:4463: result: not found
configure:4465: checking for dlopen and dlerror symbols in -ldl
configure:4480: gcc -o conftest    conftest.c  -ldl >&5
configure:4480: $? = 0
configure:4489: result: found
configure:4599: checking for tests
configure:4640: result: ctests ftests  mpitests
configure:4665: checking for debug build
configure:4688: result: 
configure:4713: checking for -Wno-override-init
configure:4722: gcc -c  -Wall -Werror -Wno-override-init  conftest.c >&5
configure:4722: $? = 0
configure:4729: result: 1
configure:4732: checking for CPU type
configure:4905: result: x86
configure:4941: checking for ffsll
configure:4941: gcc -o conftest    conftest.c  >&5
conftest.c:54:6: warning: conflicting types for built-in function 'ffsll'; expected 'int(long long int)' [-Wbuiltin-declaration-mismatch]
   54 | char ffsll ();
      |      ^~~~~
configure:4941: $? = 0
configure:4941: result: yes
configure:4967: checking for working gettid
configure:4975: gcc -o conftest    conftest.c  >&5
configure:4975: $? = 0
configure:4976: result: yes
configure:5017: checking for working MMTIMER
configure:5047: gcc -o conftest    conftest.c  >&5
configure:5047: $? = 0
configure:5047: ./conftest
configure:5047: $? = 1
configure: program exited with status 1
configure: failed program was:
| /* confdefs.h */
| #define PACKAGE_NAME "PAPI"
| #define PACKAGE_TARNAME "papi"
| #define PACKAGE_VERSION "7.2.0.0b1"
| #define PACKAGE_STRING "PAPI 7.2.0.0b1"
| #define PACKAGE_BUGREPORT "ptools-perfapi@icl.utk.edu"
| #define PACKAGE_URL ""
| #define STDC_HEADERS 1
| #define HAVE_SYS_TYPES_H 1
| #define HAVE_SYS_STAT_H 1
| #define HAVE_STDLIB_H 1
| #define HAVE_STRING_H 1
| #define HAVE_MEMORY_H 1
| #define HAVE_STRINGS_H 1
| #define HAVE_INTTYPES_H 1
| #define HAVE_STDINT_H 1
| #define HAVE_UNISTD_H 1
| #define __EXTENSIONS__ 1
| #define _ALL_SOURCE 1
| #define _GNU_SOURCE 1
| #define _POSIX_PTHREAD_SEMANTICS 1
| #define _TANDEM_SOURCE 1
| #define STDC_HEADERS 1
| #define TIME_WITH_SYS_TIME 1
| #define HAVE_SYS_TIME_H 1
| #define HAVE_SCHED_H 1
| #define HAVE_CLOCK_GETTIME 1
| #define HAVE_SCHED_GETCPU 1
| #define CPU x86
| #define HAVE_FFSLL 1
| #define HAVE_GETTID 1
| /* end confdefs.h.  */
| #include <unistd.h>
|                          #include <fcntl.h>
|                          #include <errno.h>
|                          #include <stdlib.h>
|                          #include <sys/ioctl.h>
|                          #include <linux/mmtimer.h>
|                          #ifndef MMTIMER_FULLNAME
|                          #define MMTIMER_FULLNAME "/dev/mmtimer"
|                          #endif
|                          int main() {
|                            int offset;
|                            int fd;
|                            if((fd = open(MMTIMER_FULLNAME, O_RDONLY)) == -1)
|                              exit(1);
|                            if ((offset = ioctl(fd, MMTIMER_GETOFFSET, 0)) < 0)
|                              exit(1);
|                            close(fd);
|                            exit(0);
|                          }
configure:5052: result: no
configure:5054: checking for working CLOCK_REALTIME_HR POSIX 1b timer
configure:5082: gcc -o conftest    conftest.c  >&5
conftest.c: In function 'main':
conftest.c:41:71: error: 'CLOCK_REALTIME_HR' undeclared (first use in this function); did you mean 'CLOCK_REALTIME'?
   41 |                                        if (syscall(__NR_clock_gettime,CLOCK_REALTIME_HR,&t1) == -1) exit(1);
      |                                                                       ^~~~~~~~~~~~~~~~~
      |                                                                       CLOCK_REALTIME
conftest.c:41:71: note: each undeclared identifier is reported only once for each function it appears in
configure:5082: $? = 1
configure: program exited with status 1
configure: failed program was:
| /* confdefs.h */
| #define PACKAGE_NAME "PAPI"
| #define PACKAGE_TARNAME "papi"
| #define PACKAGE_VERSION "7.2.0.0b1"
| #define PACKAGE_STRING "PAPI 7.2.0.0b1"
| #define PACKAGE_BUGREPORT "ptools-perfapi@icl.utk.edu"
| #define PACKAGE_URL ""
| #define STDC_HEADERS 1
| #define HAVE_SYS_TYPES_H 1
| #define HAVE_SYS_STAT_H 1
| #define HAVE_STDLIB_H 1
| #define HAVE_STRING_H 1
| #define HAVE_MEMORY_H 1
| #define HAVE_STRINGS_H 1
| #define HAVE_INTTYPES_H 1
| #define HAVE_STDINT_H 1
| #define HAVE_UNISTD_H 1
| #define __EXTENSIONS__ 1
| #define _ALL_SOURCE 1
| #define _GNU_SOURCE 1
| #define _POSIX_PTHREAD_SEMANTICS 1
| #define _TANDEM_SOURCE 1
| #define STDC_HEADERS 1
| #define TIME_WITH_SYS_TIME 1
| #define HAVE_SYS_TIME_H 1
| #define HAVE_SCHED_H 1
| #define HAVE_CLOCK_GETTIME 1
| #define HAVE_SCHED_GETCPU 1
| #define CPU x86
| #define HAVE_FFSLL 1
| #define HAVE_GETTID 1
| /* end confdefs.h.  */
| #include <unistd.h>
|                                      #include <stdlib.h>
|                                      #include <stdio.h>
|                                      #include <time.h>
|                                      #include <syscall.h>
|                                      int main() {
|                                        struct timespec t1, t2;
|                                        double seconds;
|                                        if (syscall(__NR_clock_gettime,CLOCK_REALTIME_HR,&t1) == -1) exit(1);
|                                          sleep(1);
|                                        if (syscall(__NR_clock_gettime,CLOCK_REALTIME_HR,&t2) == -1) exit(1);
|                                          seconds = ((double)t2.tv_sec + (double)t2.tv_nsec/1000000000.0) - ((double)t1.tv_sec + (double)t1.tv_nsec/1000000000.0);
|                                        if (seconds > 1.0)
|                                          exit(0);
|                                        else
|                                          exit(1);
|                                      }
configure:5087: result: no
configure:5089: checking for working CLOCK_REALTIME POSIX 1b timer
configure:5117: gcc -o conftest    conftest.c  >&5
configure:5117: $? = 0
configure:5117: ./conftest
configure:5117: $? = 0
configure:5119: result: yes
configure:5142: checking for which real time clock to use
configure:5174: result: clock_realtime
configure:5192: checking for working __thread
configure:5226: gcc -o conftest -pthread   conftest.c  >&5
conftest.c: In function 'thread_main':
conftest.c:40:34: warning: cast from pointer to integer of different size [-Wpointer-to-int-cast]
   40 |                              i = (int)arg;
      |                                  ^
conftest.c:42:34: warning: cast from pointer to integer of different size [-Wpointer-to-int-cast]
   42 |                              if ((int)arg == 1)
      |                                  ^
conftest.c:43:39: warning: cast from pointer to integer of different size [-Wpointer-to-int-cast]
   43 |                          res1 = (i == (int)arg);
      |                                       ^
conftest.c:45:39: warning: cast from pointer to integer of different size [-Wpointer-to-int-cast]
   45 |                          res2 = (i == (int)arg);
      |                                       ^
configure:5226: $? = 0
configure:5226: ./conftest
configure:5226: $? = 0
configure:5227: result: yes
configure:5253: gcc -o conftest -pthread   conftest.c  >&5
configure:5253: $? = 0
configure:5265: checking for high performance thread local storage
configure:5280: result: __thread
configure:5291: checking for working CLOCK_THREAD_CPUTIME_ID POSIX 1b timer
configure:5362: gcc -o conftest -pthread   conftest.c  >&5
configure:5362: $? = 0
configure:5362: ./conftest
configure:5362: $? = 0
configure:5363: result: yes
configure:5457: checking for which virtual timer to use
configure:5477: result: clock_thread_cputime_id
configure:5576: checking for static user preset events
configure:5589: result: no
configure:5592: checking for static PAPI preset events
configure:5605: result: yes
configure:5608: checking for whether to build static library
configure:5618: result: yes
configure:5621: checking for whether to build shared library
configure:5631: result: yes
configure:5649: checking for static compile of tests and utilities
configure:5658: result: no
configure:5668: checking for linking with papi shared library of tests and utilities
configure:5678: result: no
configure:5710: checking for building libsde
configure:5729: result: shared and static
configure:5803: checking for /sys/kernel/perfmon/version
configure:5816: result: no
configure:5821: checking for /proc/perfmon
configure:5834: result: no
configure:5971: checking for /proc/sys/kernel/perf_event_paranoid
configure:5984: result: yes
configure:5990: checking for libpfm4/include/perfmon/perf_event.h
configure:6004: result: yes
configure:6195: checking platform
configure:6312: result: linux-pe
configure:6692: checking for components to build
configure:6846: result: perf_event perf_event_uncore sysdetect
configure:6849: checking for PAPI event CSV filename to use
configure:6854: result: papi_events.csv
configure:6968: Rules.pfm4_pe will be included in the generated Makefile
configure:7080: creating ./config.status

## ---------------------- ##
## Running config.status. ##
## ---------------------- ##

This file was extended by PAPI config.status 7.2.0.0b1, which was
generated by GNU Autoconf 2.69.  Invocation command line was

  CONFIG_FILES    = 
  CONFIG_HEADERS  = 
  CONFIG_LINKS    = 
  CONFIG_COMMANDS = 
  $ ./config.status 

on ubuntu

config.status:918: creating Makefile
config.status:918: creating papi.pc
config.status:918: creating components/Makefile_comp_tests.target
config.status:918: creating testlib/Makefile.target
config.status:918: creating utils/Makefile.target
config.status:918: creating ctests/Makefile.target
config.status:918: creating ftests/Makefile.target
config.status:918: creating validation_tests/Makefile.target
config.status:918: creating config.h
config.status:1088: config.h is unchanged
config.status:1102: executing genpapifdef commands
configure:8277: WARNING: 

***************************************************************************
* Insufficient permissions for accessing any hardware counters.           *
* Your current paranoid level is 4.                                       *
* Set /proc/sys/kernel/perf_event_paranoid to 2 (or less) or run as root. *
*                                                                         *
* Example:                                                                *
* sudo sh -c "echo 2 > /proc/sys/kernel/perf_event_paranoid"              *
***************************************************************************
 

## ---------------- ##
## Cache variables. ##
## ---------------- ##

ac_cv_c_compiler_gnu=yes
ac_cv_c_inline=inline
ac_cv_env_CC_set=
ac_cv_env_CC_value=
ac_cv_env_CFLAGS_set=
ac_cv_env_CFLAGS_value=
ac_cv_env_CPPFLAGS_set=
ac_cv_env_CPPFLAGS_value=
ac_cv_env_CPP_set=
ac_cv_env_CPP_value=
ac_cv_env_F77_set=
ac_cv_env_F77_value=
ac_cv_env_FFLAGS_set=
ac_cv_env_FFLAGS_value=
ac_cv_env_LDFLAGS_set=
ac_cv_env_LDFLAGS_value=
ac_cv_env_LIBS_set=
ac_cv_env_LIBS_value=
ac_cv_env_build_alias_set=
ac_cv_env_build_alias_value=
ac_cv_env_host_alias_set=
ac_cv_env_host_alias_value=
ac_cv_env_target_alias_set=
ac_cv_env_target_alias_value=
ac_cv_f77_compiler_gnu=yes
ac_cv_file__proc_perfmon=no
ac_cv_file__proc_sys_kernel_perf_event_paranoid=yes
ac_cv_file__sys_kernel_perfmon_version=no
ac_cv_file_libpfm4_include_perfmon_perf_event_h=yes
ac_cv_func_clock_gettime=yes
ac_cv_func_ffsll=yes
ac_cv_func_gethrtime=no
ac_cv_func_mach_absolute_time=no
ac_cv_func_read_real_time=no
ac_cv_func_sched_getcpu=yes
ac_cv_func_time_base_to_time=no
ac_cv_header_c_asm_h=no
ac_cv_header_intrinsics_h=no
ac_cv_header_inttypes_h=yes
ac_cv_header_mach_mach_time_h=no
ac_cv_header_memory_h=yes
ac_cv_header_minix_config_h=no
ac_cv_header_sched_h=yes
ac_cv_header_stdc=yes
ac_cv_header_stdint_h=yes
ac_cv_header_stdlib_h=yes
ac_cv_header_string_h=yes
ac_cv_header_strings_h=yes
ac_cv_header_sys_stat_h=yes
ac_cv_header_sys_time_h=yes
ac_cv_header_sys_types_h=yes
ac_cv_header_time=yes
ac_cv_header_unistd_h=yes
ac_cv_objext=o
ac_cv_path_EGREP='/usr/bin/grep -E'
ac_cv_path_GREP=/usr/bin/grep
ac_cv_prog_AWK=mawk
ac_cv_prog_CPP='gcc -E'
ac_cv_prog_MPICC=mpicc
ac_cv_prog_ac_ct_CC=gcc
ac_cv_prog_ac_ct_F77=gfortran
ac_cv_prog_ac_ct_RANLIB=ranlib
ac_cv_prog_cc_c89=
ac_cv_prog_cc_g=yes
ac_cv_prog_f77_g=yes
ac_cv_prog_make_make_set=yes
ac_cv_safe_to_define___extensions__=yes

## ----------------- ##
## Output variables. ##
## ----------------- ##

AR='ar'
ARCH_EVENTS=''
ARG64=''
AWK='mawk'
BGPM_INSTALL_DIR=''
BGP_SYSDIR=''
BITFLAGS=''
BUILD_LIBSDE_SHARED='yes'
BUILD_LIBSDE_STATIC='yes'
CC='gcc'
CC_COMMON_NAME='gcc'
CC_R='$(CC) -pthread'
CC_SHR='$(CC) -fPIC -DPIC -shared -Wl,-soname -Wl,$(VLIB) -Xlinker "-rpath" -Xlinker "$(LIBDIR)"'
CFLAGS='  -DPAPI_NUM_COMP=3'
COMPONENTS=' perf_event perf_event_uncore sysdetect'
COMPONENT_RULES='components/Rules.components components/perf_event/Rules.perf_event components/perf_event_uncore/Rules.perf_event_uncore components/sysdetect/Rules.sysdetect'
CPP='gcc -E'
CPPFLAGS=''
CPU='x86'
CPUCOMPONENT_C=''
CPUCOMPONENT_NAME='perf_event'
CPUCOMPONENT_OBJ=''
CPU_MODEL=''
CTEST_TARGETS='all'
DEFS='-DHAVE_CONFIG_H'
DESCR=''
ECHO_C=''
ECHO_N='-n'
ECHO_T=''
EGREP='/usr/bin/grep -E'
ENABLE_FORTRAN='yes'
ENABLE_FORTRAN_TESTS='yes'
EXEEXT=''
F77='gfortran'
FFLAGS='    -Dlinux -ffixed-line-length-132'
FILENAME='Rules.pfm4_pe'
FLAGS=''
FORT_HEADERS='fpapi.h f77papi.h f90papi.h'
FORT_WRAPPERS_OBJ='upper_PAPI_FWRAPPERS.o papi_fwrappers_.o papi_fwrappers__.o'
FORT_WRAPPERS_SRC='upper_PAPI_FWRAPPERS.c papi_fwrappers_.c papi_fwrappers__.c'
FTEST_TARGETS='all'
GREP='/usr/bin/grep'
HAVE_NO_OVERRIDE_INIT='1'
LDFLAGS=''
LDL='-ldl'
LIBOBJS=''
LIBRARY='libpapi.a'
LIBS=''
LIBSDEFLAGS=''
LINKLIB='$(LIBRARY)'
LN_S='ln -s'
LRT='-lrt'
LTLIBOBJS=''
MAKEVER='linux-pe'
MIC='no'
MISCHDRS=''
MISCOBJS='$(MISCSRCS:.c=.o)'
MISCSRCS=' x86_cpuid_info.c'
MPICC='mpicc'
MPIICC=''
NEC='no'
NOOPT=''
NO_MPI_TESTS=''
NVPPC64LEFLAGS=''
OBJEXT='o'
OMPCFLGS='-fopenmp'
OPTFLAGS='-O2'
OS='linux'
OSCONTEXT='linux-context.h'
OSFILESHDR='linux-memory.h linux-timer.h linux-common.h'
OSFILESOBJ='$(OSFILESSRC:.c=.o)'
OSFILESSRC='linux-memory.c linux-timer.c linux-common.c'
OSLOCK='linux-lock.h'
PACKAGE_BUGREPORT='ptools-perfapi@icl.utk.edu'
PACKAGE_NAME='PAPI'
PACKAGE_STRING='PAPI 7.2.0.0b1'
PACKAGE_TARNAME='papi'
PACKAGE_URL=''
PACKAGE_VERSION='7.2.0.0b1'
PAPICFLAGS='-DPAPI_NO_MEMORY_MANAGEMENT -DSTATIC_PAPI_EVENTS_TABLE  -DUSE_PERFEVENT_RDPMC=1 -DPEINCLUDE=\"libpfm4/include/perfmon/perf_event.h\" -D_REENTRANT -D_GNU_SOURCE -DUSE_COMPILER_TLS'
PAPISOVER='$(PAPIVER).$(PAPIREV)'
PAPI_EVENTS=''
PAPI_EVENTS_CSV='papi_events.csv'
PATH_SEPARATOR=':'
PMAPI=''
PMINIT=''
POST_BUILD=''
RANLIB='ranlib'
SETPATH=''
SET_MAKE=''
SHELL='/bin/bash'
SHLIB='libpapi.so.7.2.0.0b1'
SHLIBDEPS=''
SHOW_CONF='showconf'
SMPCFLGS=''
STATIC=''
TESTS=''
TOPTFLAGS='-O1'
VERSION=''
VLIB='libpapi.so.$(PAPISOVER)'
ac_ct_CC='gcc'
ac_ct_F77='gfortran'
altix=''
arch='x86_64'
bindir='${exec_prefix}/bin'
build_alias=''
cpu_option=''
datadir='${datarootdir}'
datarootdir='${prefix}/share'
docdir='${datarootdir}/doc/${PACKAGE_TARNAME}'
dvidir='${docdir}'
exec_prefix='${prefix}'
host_alias=''
htmldir='${docdir}'
includedir='${prefix}/include'
infodir='${datarootdir}/info'
libdir='${exec_prefix}/lib'
libexecdir='${exec_prefix}/libexec'
localedir='${datarootdir}/locale'
localstatedir='${prefix}/var'
mandir='${datarootdir}/man'
old_pfmv2='n'
oldincludedir='/usr/include'
papiLIBS='shared static'
pdfdir='${docdir}'
pfm_incdir='libpfm4/include'
pfm_libdir='libpfm4/lib'
pfm_prefix=''
pfm_root='libpfm4'
prefix='/usr/local'
program_transform_name='s,x,x,'
psdir='${docdir}'
runstatedir='${localstatedir}/run'
sbindir='${exec_prefix}/sbin'
sharedstatedir='${prefix}/com'
sysconfdir='${prefix}/etc'
target_alias=''
tests='ctests ftests  comp_tests'

## ----------- ##
## confdefs.h. ##
## ----------- ##

/* confdefs.h */
#define PACKAGE_NAME "PAPI"
#define PACKAGE_TARNAME "papi"
#define PACKAGE_VERSION "7.2.0.0b1"
#define PACKAGE_STRING "PAPI 7.2.0.0b1"
#define PACKAGE_BUGREPORT "ptools-perfapi@icl.utk.edu"
#define PACKAGE_URL ""
#define STDC_HEADERS 1
#define HAVE_SYS_TYPES_H 1
#define HAVE_SYS_STAT_H 1
#define HAVE_STDLIB_H 1
#define HAVE_STRING_H 1
#define HAVE_MEMORY_H 1
#define HAVE_STRINGS_H 1
#define HAVE_INTTYPES_H 1
#define HAVE_STDINT_H 1
#define HAVE_UNISTD_H 1
#define __EXTENSIONS__ 1
#define _ALL_SOURCE 1
#define _GNU_SOURCE 1
#define _POSIX_PTHREAD_SEMANTICS 1
#define _TANDEM_SOURCE 1
#define STDC_HEADERS 1
#define TIME_WITH_SYS_TIME 1
#define HAVE_SYS_TIME_H 1
#define HAVE_SCHED_H 1
#define HAVE_CLOCK_GETTIME 1
#define HAVE_SCHED_GETCPU 1
#define CPU x86
#define HAVE_FFSLL 1
#define HAVE_GETTID 1
#define HAVE_CLOCK_GETTIME 1
#define HAVE_CLOCK_GETTIME_REALTIME 1
#define HAVE_THREAD_LOCAL_STORAGE __thread
#define HAVE_CLOCK_GETTIME_THREAD CLOCK_THREAD_CPUTIME_ID
#define HAVE_PERFMON_PFMLIB_MONTECITO_H 1
#define HAVE_PFM_GET_EVENT_DESCRIPTION 1
#define HAVE_PFMLIB_OUTPUT_PFP_PMD_COUNT 1

configure: exit 0
